[debug] [2021-10-26T22:55:08.746Z] ----------------------------------------------------------------------
[debug] [2021-10-26T22:55:08.755Z] Command:       C:\Program Files\nodejs\node.exe C:\Users\Manik\AppData\Roaming\npm\node_modules\firebase-tools\lib\bin\firebase.js init
[debug] [2021-10-26T22:55:08.755Z] CLI Version:   9.21.0
[debug] [2021-10-26T22:55:08.756Z] Platform:      win32
[debug] [2021-10-26T22:55:08.756Z] Node Version:  v14.17.6
[debug] [2021-10-26T22:55:08.759Z] Time:          Wed Oct 27 2021 04:55:08 GMT+0600 (Bangladesh Standard Time)
[debug] [2021-10-26T22:55:08.759Z] ----------------------------------------------------------------------
[debug] 
[debug] [2021-10-26T22:55:08.814Z] > command requires scopes: ["email","openid","https://www.googleapis.com/auth/cloudplatformprojects.readonly","https://www.googleapis.com/auth/firebase","https://www.googleapis.com/auth/cloud-platform"]
[debug] [2021-10-26T22:55:08.814Z] > authorizing via signed-in user (humaiunkobirr@gmail.com)
[info] 
     ######## #### ########  ######## ########     ###     ######  ########
     ##        ##  ##     ## ##       ##     ##  ##   ##  ##       ##
     ######    ##  ########  ######   ########  #########  ######  ######
     ##        ##  ##    ##  ##       ##     ## ##     ##       ## ##
     ##       #### ##     ## ######## ########  ##     ##  ######  ########

You're about to initialize a Firebase project in this directory:

  C:\projects\assignment\assignment-10\dental-care

Before we get started, keep in mind:

  * You are currently outside your home directory

